May 12 19:32:01 +02:00 (none)  Mounting virtual file systems: /run /proc /sys /dev/shm OK
May 12 19:32:01 +02:00 (none)  Bringing up the loopback interface... OK
May 12 19:32:01 +02:00 (none)  Setting hostname to rkowalsk... OK
May 12 19:32:01 +02:00 rkowalsk  Populating /dev with device nodes...  OK
May 12 19:31:56 +02:00 rkowalsk  Activating all swap files/partitions... OK
May 12 19:31:56 +02:00 rkowalsk  Mounting root file system in read-only mode...  OK
May 12 19:31:56 +02:00 rkowalsk  Checking file systems... OK
May 12 19:31:56 +02:00 rkowalsk  Remounting root file system in read-write mode... OK
May 12 19:31:56 +02:00 rkowalsk  Mounting remaining file systems... OK
May 12 19:31:56 +02:00 rkowalsk  Cleaning file systems: /tmp OK
May 12 19:31:56 +02:00 rkowalsk  Retrying failed uevents, if any... OK
May 12 19:31:57 +02:00 rkowalsk  Starting system log daemon... OK
May 12 19:31:57 +02:00 rkowalsk  Starting kernel log daemon... OK
May 12 19:31:57 +02:00 rkowalsk  Bringing up the enp0s3 interface... OK
May 12 19:31:57 +02:00 rkowalsk  Adding IPv4 address 192.168.1.150 to the enp0s3 interface... OK
May 12 19:31:57 +02:00 rkowalsk  Adding default gateway 192.168.1.1 to the enp0s3 interface... OK
--------
May 12 19:33:49 +02:00 (none)  Mounting virtual file systems: /run /proc /sys /dev/shm OK
May 12 19:33:49 +02:00 (none)  Bringing up the loopback interface... OK
May 12 19:33:49 +02:00 (none)  Setting hostname to rkowalsk... OK
May 12 19:33:49 +02:00 rkowalsk  Populating /dev with device nodes...  OK
May 12 19:33:45 +02:00 rkowalsk  Activating all swap files/partitions... OK
May 12 19:33:45 +02:00 rkowalsk  Mounting root file system in read-only mode...  OK
May 12 19:33:45 +02:00 rkowalsk  Checking file systems... OK
May 12 19:33:45 +02:00 rkowalsk  Remounting root file system in read-write mode... OK
May 12 19:33:45 +02:00 rkowalsk  Mounting remaining file systems... OK
May 12 19:33:45 +02:00 rkowalsk  Cleaning file systems: /tmp OK
May 12 19:33:45 +02:00 rkowalsk  Retrying failed uevents, if any... OK
May 12 19:33:46 +02:00 rkowalsk  Starting system log daemon... OK
May 12 19:33:46 +02:00 rkowalsk  Starting kernel log daemon... OK
May 12 19:33:46 +02:00 rkowalsk  Bringing up the enp0s3 interface... OK
May 12 19:33:46 +02:00 rkowalsk  Adding IPv4 address 192.168.1.150 to the enp0s3 interface... OK
May 12 19:33:46 +02:00 rkowalsk  Adding default gateway 192.168.1.1 to the enp0s3 interface... OK
--------
May 12 20:19:14 +02:00 (none)  Mounting virtual file systems: /run /proc /sys /dev/shm OK
May 12 20:19:14 +02:00 (none)  Bringing up the loopback interface... OK
May 12 20:19:14 +02:00 (none)  Setting hostname to rkowalsk... OK
May 12 20:19:14 +02:00 rkowalsk  Populating /dev with device nodes...  OK
May 12 20:19:13 +02:00 rkowalsk  Activating all swap files/partitions... OK
May 12 20:19:13 +02:00 rkowalsk  Mounting root file system in read-only mode...  OK
May 12 20:19:13 +02:00 rkowalsk  Checking file systems... OK
May 12 20:19:13 +02:00 rkowalsk  Remounting root file system in read-write mode... OK
May 12 20:19:13 +02:00 rkowalsk  Mounting remaining file systems... OK
May 12 20:19:13 +02:00 rkowalsk  Cleaning file systems: /tmp OK
May 12 20:19:13 +02:00 rkowalsk  Retrying failed uevents, if any... OK
May 12 20:19:14 +02:00 rkowalsk  Starting system log daemon... OK
May 12 20:19:14 +02:00 rkowalsk  Starting kernel log daemon... OK
May 12 20:19:14 +02:00 rkowalsk  Bringing up the enp0s3 interface... OK
May 12 20:19:14 +02:00 rkowalsk  Adding IPv4 address 192.168.1.150 to the enp0s3 interface... OK
May 12 20:19:14 +02:00 rkowalsk  Adding default gateway 192.168.1.1 to the enp0s3 interface... OK
--------
May 16 12:55:24 +02:00 (none)  Mounting virtual file systems: /run /proc /sys /dev/shm OK
May 16 12:55:24 +02:00 (none)  Bringing up the loopback interface... OK
May 16 12:55:24 +02:00 (none)  Setting hostname to rkowalsk... OK
May 16 12:55:24 +02:00 rkowalsk  Populating /dev with device nodes...  OK
May 16 12:55:19 +02:00 rkowalsk  Activating all swap files/partitions... OK
May 16 12:55:19 +02:00 rkowalsk  Mounting root file system in read-only mode...  OK
May 16 12:55:19 +02:00 rkowalsk  Checking file systems... OK
May 16 12:55:19 +02:00 rkowalsk  Remounting root file system in read-write mode... OK
May 16 12:55:19 +02:00 rkowalsk  Mounting remaining file systems... OK
May 16 12:55:19 +02:00 rkowalsk  Cleaning file systems: /tmp OK
May 16 12:55:20 +02:00 rkowalsk  Retrying failed uevents, if any... OK
May 16 12:55:21 +02:00 rkowalsk  Starting system log daemon... OK
May 16 12:55:21 +02:00 rkowalsk  Starting kernel log daemon... OK
May 16 12:55:21 +02:00 rkowalsk  Bringing up the enp0s3 interface... OK
May 16 12:55:21 +02:00 rkowalsk  Adding IPv4 address 192.168.1.150 to the enp0s3 interface... OK
May 16 12:55:21 +02:00 rkowalsk  Adding default gateway 192.168.1.1 to the enp0s3 interface... OK
--------
May 16 14:58:28 +02:00 (none)  Mounting virtual file systems: /run /proc /sys /dev/shm OK
May 16 14:58:28 +02:00 (none)  Bringing up the loopback interface... OK
May 16 14:58:28 +02:00 (none)  Setting hostname to rkowalsk... OK
May 16 14:58:28 +02:00 rkowalsk  Populating /dev with device nodes...  OK
May 16 14:57:53 +02:00 rkowalsk  Activating all swap files/partitions... OK
May 16 14:57:53 +02:00 rkowalsk  Mounting root file system in read-only mode...  OK
May 16 14:57:53 +02:00 rkowalsk  Checking file systems... OK
May 16 14:57:53 +02:00 rkowalsk  Remounting root file system in read-write mode... OK
May 16 14:57:53 +02:00 rkowalsk  Mounting remaining file systems... OK
May 16 14:57:53 +02:00 rkowalsk  Cleaning file systems: /tmp OK
May 16 14:57:53 +02:00 rkowalsk  Retrying failed uevents, if any... OK
May 16 14:57:54 +02:00 rkowalsk  Starting system log daemon... OK
May 16 14:57:54 +02:00 rkowalsk  Starting kernel log daemon... OK
May 16 14:57:54 +02:00 rkowalsk  Bringing up the enp0s3 interface... OK
May 16 14:57:54 +02:00 rkowalsk  Adding IPv4 address 10.19.248.237 to the enp0s3 interface... OK
May 16 14:57:54 +02:00 rkowalsk  Adding default gateway 10.19.254.254 to the enp0s3 interface... OK
May 16 14:57:54 +02:00 rkowalsk  Starting SSH Server... OK
--------
May 16 15:17:47 +02:00 (none)  Mounting virtual file systems: /run /proc /sys /dev/shm OK
May 16 15:17:47 +02:00 (none)  Bringing up the loopback interface... OK
May 16 15:17:47 +02:00 (none)  Setting hostname to rkowalsk... OK
May 16 15:17:47 +02:00 rkowalsk  Populating /dev with device nodes...  OK
May 16 15:17:50 +02:00 rkowalsk  Activating all swap files/partitions... OK
May 16 15:17:50 +02:00 rkowalsk  Mounting root file system in read-only mode...  OK
May 16 15:17:50 +02:00 rkowalsk  Checking file systems... OK
May 16 15:17:50 +02:00 rkowalsk  Remounting root file system in read-write mode... OK
May 16 15:17:50 +02:00 rkowalsk  Mounting remaining file systems... OK
May 16 15:17:51 +02:00 rkowalsk  Cleaning file systems: /tmp OK
May 16 15:17:51 +02:00 rkowalsk  Retrying failed uevents, if any... OK
May 16 15:17:55 +02:00 rkowalsk  Starting system log daemon... OK
May 16 15:17:55 +02:00 rkowalsk  Starting kernel log daemon... OK
May 16 15:17:55 +02:00 rkowalsk  Bringing up the enp0s3 interface... OK
May 16 15:17:55 +02:00 rkowalsk  Adding IPv4 address 10.19.248.237 to the enp0s3 interface... OK
May 16 15:17:55 +02:00 rkowalsk  Adding default gateway 10.19.254.254 to the enp0s3 interface... OK
May 16 15:17:55 +02:00 rkowalsk  Starting SSH Server... OK
--------
May 16 15:39:39 +02:00 (none)  Mounting virtual file systems: /run /proc /sys /dev/shm OK
May 16 15:39:39 +02:00 (none)  Bringing up the loopback interface... OK
May 16 15:39:40 +02:00 (none)  Setting hostname to rkowalsk... OK
May 16 15:39:40 +02:00 rkowalsk  Populating /dev with device nodes...  OK
May 16 15:39:31 +02:00 rkowalsk  Activating all swap files/partitions... OK
May 16 15:39:31 +02:00 rkowalsk  Mounting root file system in read-only mode...  OK
May 16 15:39:31 +02:00 rkowalsk  Checking file systems... OK
May 16 15:39:31 +02:00 rkowalsk  Remounting root file system in read-write mode... OK
May 16 15:39:31 +02:00 rkowalsk  Mounting remaining file systems... OK
May 16 15:39:31 +02:00 rkowalsk  Cleaning file systems: /tmp OK
May 16 15:39:31 +02:00 rkowalsk  Retrying failed uevents, if any... OK
May 16 15:39:32 +02:00 rkowalsk  Starting system log daemon... OK
May 16 15:39:32 +02:00 rkowalsk  Starting kernel log daemon... OK
May 16 15:39:32 +02:00 rkowalsk  Bringing up the enp0s3 interface... OK
May 16 15:39:32 +02:00 rkowalsk  Adding IPv4 address 10.12.100.100 to the enp0s3 interface... OK
May 16 15:39:32 +02:00 rkowalsk  Adding default gateway 10.12.254.254 to the enp0s3 interface... OK
May 16 15:39:32 +02:00 rkowalsk  Starting SSH Server... OK
--------
May 16 20:49:25 +02:00 (none)  Mounting virtual file systems: /run /proc /sys /dev/shm OK
May 16 20:49:25 +02:00 (none)  Bringing up the loopback interface... OK
May 16 20:49:25 +02:00 (none)  Setting hostname to rkowalsk... OK
May 16 20:49:25 +02:00 rkowalsk  Populating /dev with device nodes...  OK
May 16 20:49:16 +02:00 rkowalsk  Activating all swap files/partitions... OK
May 16 20:49:16 +02:00 rkowalsk  Mounting root file system in read-only mode...  OK
May 16 20:49:16 +02:00 rkowalsk  Checking file systems... OK
May 16 20:49:16 +02:00 rkowalsk  Remounting root file system in read-write mode... OK
May 16 20:49:17 +02:00 rkowalsk  Mounting remaining file systems... OK
May 16 20:49:17 +02:00 rkowalsk  Cleaning file systems: /tmp OK
May 16 20:49:17 +02:00 rkowalsk  Retrying failed uevents, if any... OK
May 16 20:49:18 +02:00 rkowalsk  Starting system log daemon... OK
May 16 20:49:18 +02:00 rkowalsk  Starting kernel log daemon... OK
May 16 20:49:18 +02:00 rkowalsk  Bringing up the enp0s3 interface... OK
May 16 20:49:18 +02:00 rkowalsk  Adding IPv4 address 10.12.3.20 to the enp0s3 interface... OK
May 16 20:49:18 +02:00 rkowalsk  Adding default gateway 10.12.254.254 to the enp0s3 interface... OK
May 16 20:49:18 +02:00 rkowalsk  Starting SSH Server... OK
--------
May 16 20:57:47 +02:00 (none)  Mounting virtual file systems: /run /proc /sys /dev/shm OK
May 16 20:57:47 +02:00 (none)  Bringing up the loopback interface... OK
May 16 20:57:47 +02:00 (none)  Setting hostname to rkowalsk... OK
May 16 20:57:47 +02:00 rkowalsk  Populating /dev with device nodes...  OK
May 16 20:57:37 +02:00 rkowalsk  Activating all swap files/partitions... OK
May 16 20:57:37 +02:00 rkowalsk  Mounting root file system in read-only mode...  OK
May 16 20:57:37 +02:00 rkowalsk  Checking file systems... OK
May 16 20:57:37 +02:00 rkowalsk  Remounting root file system in read-write mode... OK
May 16 20:57:37 +02:00 rkowalsk  Mounting remaining file systems... OK
May 16 20:57:39 +02:00 rkowalsk  Cleaning file systems: /tmp OK
May 16 20:57:39 +02:00 rkowalsk  Retrying failed uevents, if any... OK
May 16 20:57:40 +02:00 rkowalsk  Starting system log daemon... OK
May 16 20:57:40 +02:00 rkowalsk  Starting kernel log daemon... OK
May 16 20:57:40 +02:00 rkowalsk  Bringing up the enp0s3 interface... OK
May 16 20:57:40 +02:00 rkowalsk  Adding IPv4 address 10.12.3.20 to the enp0s3 interface... OK
May 16 20:57:40 +02:00 rkowalsk  Adding default gateway 10.12.254.254 to the enp0s3 interface... OK
May 16 20:57:40 +02:00 rkowalsk  Bringing up the wlo1 interface...May 16 20:57:40 +02:00 rkowalsk  Interface wlo1 doesn't exist. FAIL
May 16 20:57:40 +02:00 rkowalsk  Starting SSH Server... OK
--------
May 16 20:59:06 +02:00 (none)  Mounting virtual file systems: /run /proc /sys /dev/shm OK
May 16 20:59:06 +02:00 (none)  Bringing up the loopback interface... OK
May 16 20:59:06 +02:00 (none)  Setting hostname to rkowalsk... OK
May 16 20:59:06 +02:00 rkowalsk  Populating /dev with device nodes...  OK
May 16 20:59:01 +02:00 rkowalsk  Activating all swap files/partitions... OK
May 16 20:59:01 +02:00 rkowalsk  Mounting root file system in read-only mode...  OK
May 16 20:59:01 +02:00 rkowalsk  Checking file systems... OK
May 16 20:59:01 +02:00 rkowalsk  Remounting root file system in read-write mode... OK
May 16 20:59:01 +02:00 rkowalsk  Mounting remaining file systems... OK
May 16 20:59:07 +02:00 rkowalsk  Cleaning file systems: /tmp OK
May 16 20:59:07 +02:00 rkowalsk  Retrying failed uevents, if any... OK
May 16 20:59:08 +02:00 rkowalsk  Starting system log daemon... OK
May 16 20:59:08 +02:00 rkowalsk  Starting kernel log daemon... OK
May 16 20:59:08 +02:00 rkowalsk  Bringing up the enp0s3 interface... OK
May 16 20:59:08 +02:00 rkowalsk  Adding IPv4 address 10.12.3.20 to the enp0s3 interface... OK
May 16 20:59:08 +02:00 rkowalsk  Adding default gateway 10.12.254.254 to the enp0s3 interface... OK
May 16 20:59:08 +02:00 rkowalsk  Bringing up the wlo1 interface...May 16 20:59:08 +02:00 rkowalsk  Interface wlo1 doesn't exist. FAIL
May 16 20:59:08 +02:00 rkowalsk  Starting SSH Server... OK
--------
May 16 21:02:20 +02:00 (none)  Mounting virtual file systems: /run /proc /sys /dev/shm OK
May 16 21:02:20 +02:00 (none)  Bringing up the loopback interface... OK
May 16 21:02:20 +02:00 (none)  Setting hostname to rkowalsk... OK
May 16 21:02:20 +02:00 rkowalsk  Populating /dev with device nodes...  OK
May 16 21:02:14 +02:00 rkowalsk  Activating all swap files/partitions... OK
May 16 21:02:14 +02:00 rkowalsk  Mounting root file system in read-only mode...  OK
May 16 21:02:14 +02:00 rkowalsk  Checking file systems... OK
May 16 21:02:14 +02:00 rkowalsk  Remounting root file system in read-write mode... OK
May 16 21:02:14 +02:00 rkowalsk  Mounting remaining file systems... OK
May 16 21:02:19 +02:00 rkowalsk  Cleaning file systems: /tmp OK
May 16 21:02:19 +02:00 rkowalsk  Retrying failed uevents, if any... OK
May 16 21:02:20 +02:00 rkowalsk  Starting system log daemon... OK
May 16 21:02:20 +02:00 rkowalsk  Starting kernel log daemon... OK
May 16 21:02:20 +02:00 rkowalsk  Bringing up the wlo1 interface...May 16 21:02:20 +02:00 rkowalsk  Interface wlo1 doesn't exist. FAIL
May 16 21:02:20 +02:00 rkowalsk  Starting SSH Server... OK
--------
May 19 14:44:59 +02:00 (none)  Mounting virtual file systems: /run /proc /sys /dev/shm OK
May 19 14:44:59 +02:00 (none)  Bringing up the loopback interface... OK
May 19 14:44:59 +02:00 (none)  Setting hostname to rkowalsk... OK
May 19 14:44:59 +02:00 rkowalsk  Populating /dev with device nodes...  OK
May 19 14:44:51 +02:00 rkowalsk  Activating all swap files/partitions... OK
May 19 14:44:51 +02:00 rkowalsk  Mounting root file system in read-only mode...  OK
May 19 14:44:51 +02:00 rkowalsk  Checking file systems... OK
May 19 14:44:51 +02:00 rkowalsk  Remounting root file system in read-write mode... OK
May 19 14:44:51 +02:00 rkowalsk  Mounting remaining file systems... OK
May 19 14:44:51 +02:00 rkowalsk  Cleaning file systems: /tmp OK
May 19 14:44:51 +02:00 rkowalsk  Retrying failed uevents, if any... OK
May 19 14:44:52 +02:00 rkowalsk  Starting system log daemon... OK
May 19 14:44:52 +02:00 rkowalsk  Starting kernel log daemon... OK
May 19 14:44:52 +02:00 rkowalsk  Bringing up the enp0s3 interface... OK
May 19 14:44:52 +02:00 rkowalsk  Adding IPv4 address 192.168.1.58 to the enp0s3 interface... OK
May 19 14:44:52 +02:00 rkowalsk  Adding default gateway 192.168.1.1 to the enp0s3 interface... OK
May 19 14:44:52 +02:00 rkowalsk  Starting SSH Server... OK
--------
May 19 17:13:01 +02:00 (none)  Mounting virtual file systems: /run /proc /sys /dev/shm OK
May 19 17:13:02 +02:00 (none)  Bringing up the loopback interface... OK
May 19 17:13:02 +02:00 (none)  Setting hostname to rkowalsk... OK
May 19 17:13:02 +02:00 rkowalsk  Populating /dev with device nodes...  OK
May 19 17:12:53 +02:00 rkowalsk  Activating all swap files/partitions... OK
May 19 17:12:53 +02:00 rkowalsk  Mounting root file system in read-only mode...  OK
May 19 17:12:53 +02:00 rkowalsk  Checking file systems... OK
May 19 17:12:53 +02:00 rkowalsk  Remounting root file system in read-write mode... OK
May 19 17:12:53 +02:00 rkowalsk  Mounting remaining file systems... OK
May 19 17:12:53 +02:00 rkowalsk  Cleaning file systems: /tmp OK
May 19 17:12:53 +02:00 rkowalsk  Retrying failed uevents, if any... OK
May 19 17:12:54 +02:00 rkowalsk  Starting system log daemon... OK
May 19 17:12:54 +02:00 rkowalsk  Starting kernel log daemon... OK
May 19 17:12:54 +02:00 rkowalsk  Bringing up the enp0s3 interface... OK
May 19 17:12:54 +02:00 rkowalsk  Adding IPv4 address 192.168.1.58 to the enp0s3 interface... OK
May 19 17:12:54 +02:00 rkowalsk  Adding default gateway 192.168.1.1 to the enp0s3 interface... OK
May 19 17:12:54 +02:00 rkowalsk  Starting SSH Server... OK
--------
May 19 17:39:02 +02:00 (none)  Mounting virtual file systems: /run /proc /sys /dev/shm OK
May 19 17:39:02 +02:00 (none)  Bringing up the loopback interface... OK
May 19 17:39:02 +02:00 (none)  Setting hostname to rkowalsk... OK
May 19 17:39:02 +02:00 rkowalsk  Populating /dev with device nodes...  OK
May 19 17:38:54 +02:00 rkowalsk  Activating all swap files/partitions... OK
May 19 17:38:54 +02:00 rkowalsk  Mounting root file system in read-only mode...  OK
May 19 17:38:54 +02:00 rkowalsk  Checking file systems... OK
May 19 17:38:54 +02:00 rkowalsk  Remounting root file system in read-write mode... OK
May 19 17:38:54 +02:00 rkowalsk  Mounting remaining file systems... OK
May 19 17:38:54 +02:00 rkowalsk  Cleaning file systems: /tmp OK
May 19 17:38:54 +02:00 rkowalsk  Retrying failed uevents, if any... OK
May 19 17:38:55 +02:00 rkowalsk  Starting system log daemon... OK
May 19 17:38:55 +02:00 rkowalsk  Starting kernel log daemon... OK
May 19 17:38:55 +02:00 rkowalsk  Bringing up the enp0s3 interface... OK
May 19 17:38:55 +02:00 rkowalsk  Adding IPv4 address 10.12.3.20 to the enp0s3 interface... OK
May 19 17:38:55 +02:00 rkowalsk  Adding default gateway 10.12.254.254 to the enp0s3 interface... OK
May 19 17:38:55 +02:00 rkowalsk  Starting SSH Server... OK
--------
May 22 11:56:26 +02:00 (none)  Mounting virtual file systems: /run /proc /sys /dev/shm OK
May 22 11:56:26 +02:00 (none)  Bringing up the loopback interface... OK
May 22 11:56:26 +02:00 (none)  Setting hostname to rkowalsk... OK
May 22 11:56:26 +02:00 rkowalsk  Populating /dev with device nodes...  OK
May 22 11:56:18 +02:00 rkowalsk  Activating all swap files/partitions... OK
May 22 11:56:18 +02:00 rkowalsk  Mounting root file system in read-only mode...  OK
May 22 11:56:18 +02:00 rkowalsk  Checking file systems... OK
May 22 11:56:18 +02:00 rkowalsk  Remounting root file system in read-write mode... OK
May 22 11:56:18 +02:00 rkowalsk  Mounting remaining file systems... OK
May 22 11:56:18 +02:00 rkowalsk  Cleaning file systems: /tmp OK
May 22 11:56:18 +02:00 rkowalsk  Retrying failed uevents, if any... OK
May 22 11:56:19 +02:00 rkowalsk  Starting system log daemon... OK
May 22 11:56:19 +02:00 rkowalsk  Starting kernel log daemon... OK
May 22 11:56:19 +02:00 rkowalsk  Bringing up the enp0s3 interface... OK
May 22 11:56:19 +02:00 rkowalsk  Adding IPv4 address 10.14.9.20 to the enp0s3 interface... OK
May 22 11:56:19 +02:00 rkowalsk  Adding default gateway 10.14.254.254 to the enp0s3 interface... OK
May 22 11:56:19 +02:00 rkowalsk  Starting SSH Server... OK
--------
May 23 12:02:21 +02:00 (none)  Mounting virtual file systems: /run /proc /sys /dev/shm OK
May 23 12:02:22 +02:00 (none)  Bringing up the loopback interface... OK
May 23 12:02:22 +02:00 (none)  Setting hostname to rkowalsk... OK
May 23 12:02:22 +02:00 rkowalsk  Populating /dev with device nodes...  OK
May 23 12:02:17 +02:00 rkowalsk  Activating all swap files/partitions... OK
May 23 12:02:17 +02:00 rkowalsk  Mounting root file system in read-only mode...  OK
May 23 12:02:17 +02:00 rkowalsk  Checking file systems... OK
May 23 12:02:17 +02:00 rkowalsk  Remounting root file system in read-write mode... OK
May 23 12:02:17 +02:00 rkowalsk  Mounting remaining file systems... OK
May 23 12:02:17 +02:00 rkowalsk  Cleaning file systems: /tmp OK
May 23 12:02:17 +02:00 rkowalsk  Retrying failed uevents, if any... OK
May 23 12:02:18 +02:00 rkowalsk  Starting system log daemon... OK
May 23 12:02:18 +02:00 rkowalsk  Starting kernel log daemon... OK
May 23 12:02:18 +02:00 rkowalsk  Bringing up the enp0s3 interface... OK
May 23 12:02:18 +02:00 rkowalsk  Adding IPv4 address 10.12.6.30 to the enp0s3 interface... OK
May 23 12:02:18 +02:00 rkowalsk  Adding default gateway 10.12.254.254 to the enp0s3 interface... OK
May 23 12:02:18 +02:00 rkowalsk  Starting SSH Server... OK
--------
